[2026-07-07 17:51:22] local.ERROR: rename(C:\laragon\www\investors-p2bmarkets\bootstrap\cache\pac8751.tmp,C:\laragon\www\investors-p2bmarkets\bootstrap\cache/packages.php): Access is denied (code: 5) {"exception":"[object] (ErrorException(code: 0): rename(C:\\laragon\\www\\investors-p2bmarkets\\bootstrap\\cache\\pac8751.tmp,C:\\laragon\\www\\investors-p2bmarkets\\bootstrap\\cache/packages.php): Access is denied (code: 5) at C:/laragon/www/investors-p2bmarkets/vendor/laravel/framework/src/Illuminate/Filesystem/Filesystem.php:233)
[stacktrace]
#0 C:/laragon/www/investors-p2bmarkets/vendor/laravel/framework/src/Illuminate/Foundation/Bootstrap/HandleExceptions.php(255): Illuminate/Foundation/Bootstrap/HandleExceptions->handleError(2, 'rename(C://larag...', 'C://laragon//www//...', 233)
#1 [internal function]: Illuminate/Foundation/Bootstrap/HandleExceptions->Illuminate/Foundation/Bootstrap/{closure}(2, 'rename(C://larag...', 'C://laragon//www//...', 233)
#2 C:/laragon/www/investors-p2bmarkets/vendor/laravel/framework/src/Illuminate/Filesystem/Filesystem.php(233): rename('C://laragon//www//...', 'C://laragon//www//...')
#3 C:/laragon/www/investors-p2bmarkets/vendor/laravel/framework/src/Illuminate/Foundation/PackageManifest.php(181): Illuminate/Filesystem/Filesystem->replace('C://laragon//www//...', '<?php return ar...')
#4 C:/laragon/www/investors-p2bmarkets/vendor/laravel/framework/src/Illuminate/Foundation/PackageManifest.php(131): Illuminate/Foundation/PackageManifest->write(Array)
#5 C:/laragon/www/investors-p2bmarkets/vendor/laravel/framework/src/Illuminate/Foundation/PackageManifest.php(107): Illuminate/Foundation/PackageManifest->build()
#6 C:/laragon/www/investors-p2bmarkets/vendor/laravel/framework/src/Illuminate/Foundation/PackageManifest.php(90): Illuminate/Foundation/PackageManifest->getManifest()
#7 C:/laragon/www/investors-p2bmarkets/vendor/laravel/framework/src/Illuminate/Foundation/PackageManifest.php(79): Illuminate/Foundation/PackageManifest->config('aliases')
#8 C:/laragon/www/investors-p2bmarkets/vendor/laravel/framework/src/Illuminate/Foundation/Bootstrap/RegisterFacades.php(26): Illuminate/Foundation/PackageManifest->aliases()
#9 C:/laragon/www/investors-p2bmarkets/vendor/laravel/framework/src/Illuminate/Foundation/Application.php(286): Illuminate/Foundation/Bootstrap/RegisterFacades->bootstrap(Object(Illuminate/Foundation/Application))
#10 C:/laragon/www/investors-p2bmarkets/vendor/laravel/framework/src/Illuminate/Foundation/Http/Kernel.php(186): Illuminate/Foundation/Application->bootstrapWith(Array)
#11 C:/laragon/www/investors-p2bmarkets/vendor/laravel/framework/src/Illuminate/Foundation/Http/Kernel.php(170): Illuminate/Foundation/Http/Kernel->bootstrap()
#12 C:/laragon/www/investors-p2bmarkets/vendor/laravel/framework/src/Illuminate/Foundation/Http/Kernel.php(144): Illuminate/Foundation/Http/Kernel->sendRequestThroughRouter(Object(Illuminate/Http/Request))
#13 C:/laragon/www/investors-p2bmarkets/public/index.php(51): Illuminate/Foundation/Http/Kernel->handle(Object(Illuminate/Http/Request))
#14 {main}
"} 
[2026-07-07 20:21:44] local.ERROR: include(C:\laragon\www\Jamvestingpro\vendor\composer/../hexters/coinpayment/src/Providers/CoinPaymentServiceProvider.php): Failed to open stream: No such file or directory {"exception":"[object] (ErrorException(code: 0): include(C:\\laragon\\www\\Jamvestingpro\\vendor\\composer/../hexters/coinpayment/src/Providers/CoinPaymentServiceProvider.php): Failed to open stream: No such file or directory at C:/laragon/www/Jamvestingpro/vendor/composer/ClassLoader.php:576)
[stacktrace]
#0 C:/laragon/www/Jamvestingpro/vendor/laravel/framework/src/Illuminate/Foundation/Bootstrap/HandleExceptions.php(255): Illuminate/Foundation/Bootstrap/HandleExceptions->handleError(2, 'include(C://lara...', 'C://laragon//www//...', 576)
#1 C:/laragon/www/Jamvestingpro/vendor/composer/ClassLoader.php(576): Illuminate/Foundation/Bootstrap/HandleExceptions->Illuminate/Foundation/Bootstrap/{closure}(2, 'include(C://lara...', 'C://laragon//www//...', 576)
#2 C:/laragon/www/Jamvestingpro/vendor/composer/ClassLoader.php(576): include('C://laragon//www//...')
#3 C:/laragon/www/Jamvestingpro/vendor/composer/ClassLoader.php(427): Composer/Autoload/{closure}('C://laragon//www//...')
#4 C:/laragon/www/Jamvestingpro/vendor/laravel/framework/src/Illuminate/Foundation/Application.php(880): Composer/Autoload/ClassLoader->loadClass('Hexters//CoinPay...')
#5 C:/laragon/www/Jamvestingpro/vendor/laravel/framework/src/Illuminate/Foundation/Application.php(814): Illuminate/Foundation/Application->resolveProvider('Hexters//CoinPay...')
#6 C:/laragon/www/Jamvestingpro/vendor/laravel/framework/src/Illuminate/Foundation/ProviderRepository.php(75): Illuminate/Foundation/Application->register('Hexters//CoinPay...')
#7 C:/laragon/www/Jamvestingpro/vendor/laravel/framework/src/Illuminate/Foundation/Application.php(794): Illuminate/Foundation/ProviderRepository->load(Array)
#8 C:/laragon/www/Jamvestingpro/vendor/laravel/framework/src/Illuminate/Foundation/Bootstrap/RegisterProviders.php(17): Illuminate/Foundation/Application->registerConfiguredProviders()
#9 C:/laragon/www/Jamvestingpro/vendor/laravel/framework/src/Illuminate/Foundation/Application.php(286): Illuminate/Foundation/Bootstrap/RegisterProviders->bootstrap(Object(Illuminate/Foundation/Application))
#10 C:/laragon/www/Jamvestingpro/vendor/laravel/framework/src/Illuminate/Foundation/Console/Kernel.php(447): Illuminate/Foundation/Application->bootstrapWith(Array)
#11 C:/laragon/www/Jamvestingpro/vendor/laravel/framework/src/Illuminate/Foundation/Console/Kernel.php(199): Illuminate/Foundation/Console/Kernel->bootstrap()
#12 C:/laragon/www/Jamvestingpro/artisan(35): Illuminate/Foundation/Console/Kernel->handle(Object(Symfony/Component/Console/Input/ArgvInput), Object(Symfony/Component/Console/Output/ConsoleOutput))
#13 {main}
"} 
[2026-07-07 20:21:53] local.ERROR: include(C:\laragon\www\Jamvestingpro\vendor\composer/../hexters/coinpayment/src/Providers/CoinPaymentServiceProvider.php): Failed to open stream: No such file or directory {"exception":"[object] (ErrorException(code: 0): include(C:\\laragon\\www\\Jamvestingpro\\vendor\\composer/../hexters/coinpayment/src/Providers/CoinPaymentServiceProvider.php): Failed to open stream: No such file or directory at C:/laragon/www/Jamvestingpro/vendor/composer/ClassLoader.php:576)
[stacktrace]
#0 C:/laragon/www/Jamvestingpro/vendor/laravel/framework/src/Illuminate/Foundation/Bootstrap/HandleExceptions.php(255): Illuminate/Foundation/Bootstrap/HandleExceptions->handleError(2, 'include(C://lara...', 'C://laragon//www//...', 576)
#1 C:/laragon/www/Jamvestingpro/vendor/composer/ClassLoader.php(576): Illuminate/Foundation/Bootstrap/HandleExceptions->Illuminate/Foundation/Bootstrap/{closure}(2, 'include(C://lara...', 'C://laragon//www//...', 576)
#2 C:/laragon/www/Jamvestingpro/vendor/composer/ClassLoader.php(576): include('C://laragon//www//...')
#3 C:/laragon/www/Jamvestingpro/vendor/composer/ClassLoader.php(427): Composer/Autoload/{closure}('C://laragon//www//...')
#4 C:/laragon/www/Jamvestingpro/vendor/laravel/framework/src/Illuminate/Foundation/ProviderRepository.php(206): Composer/Autoload/ClassLoader->loadClass('Hexters//CoinPay...')
#5 C:/laragon/www/Jamvestingpro/vendor/laravel/framework/src/Illuminate/Foundation/ProviderRepository.php(142): Illuminate/Foundation/ProviderRepository->createProvider('Hexters//CoinPay...')
#6 C:/laragon/www/Jamvestingpro/vendor/laravel/framework/src/Illuminate/Foundation/ProviderRepository.php(61): Illuminate/Foundation/ProviderRepository->compileManifest(Array)
#7 C:/laragon/www/Jamvestingpro/vendor/laravel/framework/src/Illuminate/Foundation/Application.php(794): Illuminate/Foundation/ProviderRepository->load(Array)
#8 C:/laragon/www/Jamvestingpro/vendor/laravel/framework/src/Illuminate/Foundation/Bootstrap/RegisterProviders.php(17): Illuminate/Foundation/Application->registerConfiguredProviders()
#9 C:/laragon/www/Jamvestingpro/vendor/laravel/framework/src/Illuminate/Foundation/Application.php(286): Illuminate/Foundation/Bootstrap/RegisterProviders->bootstrap(Object(Illuminate/Foundation/Application))
#10 C:/laragon/www/Jamvestingpro/vendor/laravel/framework/src/Illuminate/Foundation/Console/Kernel.php(447): Illuminate/Foundation/Application->bootstrapWith(Array)
#11 C:/laragon/www/Jamvestingpro/vendor/laravel/framework/src/Illuminate/Foundation/Console/Kernel.php(199): Illuminate/Foundation/Console/Kernel->bootstrap()
#12 C:/laragon/www/Jamvestingpro/artisan(35): Illuminate/Foundation/Console/Kernel->handle(Object(Symfony/Component/Console/Input/ArgvInput), Object(Symfony/Component/Console/Output/ConsoleOutput))
#13 {main}
"} 
[2026-07-07 20:22:09] local.ERROR: Class "Hexters\CoinPayment\Providers\CoinPaymentServiceProvider" not found {"exception":"[object] (Error(code: 0): Class \"Hexters\\CoinPayment\\Providers\\CoinPaymentServiceProvider\" not found at C:/laragon/www/Jamvestingpro/vendor/laravel/framework/src/Illuminate/Foundation/ProviderRepository.php:206)
[stacktrace]
#0 C:/laragon/www/Jamvestingpro/vendor/laravel/framework/src/Illuminate/Foundation/ProviderRepository.php(142): Illuminate/Foundation/ProviderRepository->createProvider('Hexters//CoinPay...')
#1 C:/laragon/www/Jamvestingpro/vendor/laravel/framework/src/Illuminate/Foundation/ProviderRepository.php(61): Illuminate/Foundation/ProviderRepository->compileManifest(Array)
#2 C:/laragon/www/Jamvestingpro/vendor/laravel/framework/src/Illuminate/Foundation/Application.php(794): Illuminate/Foundation/ProviderRepository->load(Array)
#3 C:/laragon/www/Jamvestingpro/vendor/laravel/framework/src/Illuminate/Foundation/Bootstrap/RegisterProviders.php(17): Illuminate/Foundation/Application->registerConfiguredProviders()
#4 C:/laragon/www/Jamvestingpro/vendor/laravel/framework/src/Illuminate/Foundation/Application.php(286): Illuminate/Foundation/Bootstrap/RegisterProviders->bootstrap(Object(Illuminate/Foundation/Application))
#5 C:/laragon/www/Jamvestingpro/vendor/laravel/framework/src/Illuminate/Foundation/Console/Kernel.php(447): Illuminate/Foundation/Application->bootstrapWith(Array)
#6 C:/laragon/www/Jamvestingpro/vendor/laravel/framework/src/Illuminate/Foundation/Console/Kernel.php(199): Illuminate/Foundation/Console/Kernel->bootstrap()
#7 C:/laragon/www/Jamvestingpro/artisan(35): Illuminate/Foundation/Console/Kernel->handle(Object(Symfony/Component/Console/Input/ArgvInput), Object(Symfony/Component/Console/Output/ConsoleOutput))
#8 {main}
"} 
[2026-07-07 20:23:52] local.ERROR: Class "Hexters\CoinPayment\Providers\CoinPaymentServiceProvider" not found {"exception":"[object] (Error(code: 0): Class \"Hexters\\CoinPayment\\Providers\\CoinPaymentServiceProvider\" not found at C:/laragon/www/Jamvestingpro/vendor/laravel/framework/src/Illuminate/Foundation/ProviderRepository.php:206)
[stacktrace]
#0 C:/laragon/www/Jamvestingpro/vendor/laravel/framework/src/Illuminate/Foundation/ProviderRepository.php(142): Illuminate/Foundation/ProviderRepository->createProvider('Hexters//CoinPay...')
#1 C:/laragon/www/Jamvestingpro/vendor/laravel/framework/src/Illuminate/Foundation/ProviderRepository.php(61): Illuminate/Foundation/ProviderRepository->compileManifest(Array)
#2 C:/laragon/www/Jamvestingpro/vendor/laravel/framework/src/Illuminate/Foundation/Application.php(794): Illuminate/Foundation/ProviderRepository->load(Array)
#3 C:/laragon/www/Jamvestingpro/vendor/laravel/framework/src/Illuminate/Foundation/Bootstrap/RegisterProviders.php(17): Illuminate/Foundation/Application->registerConfiguredProviders()
#4 C:/laragon/www/Jamvestingpro/vendor/laravel/framework/src/Illuminate/Foundation/Application.php(286): Illuminate/Foundation/Bootstrap/RegisterProviders->bootstrap(Object(Illuminate/Foundation/Application))
#5 C:/laragon/www/Jamvestingpro/vendor/laravel/framework/src/Illuminate/Foundation/Console/Kernel.php(447): Illuminate/Foundation/Application->bootstrapWith(Array)
#6 C:/laragon/www/Jamvestingpro/vendor/laravel/framework/src/Illuminate/Foundation/Console/Kernel.php(199): Illuminate/Foundation/Console/Kernel->bootstrap()
#7 C:/laragon/www/Jamvestingpro/artisan(35): Illuminate/Foundation/Console/Kernel->handle(Object(Symfony/Component/Console/Input/ArgvInput), Object(Symfony/Component/Console/Output/ConsoleOutput))
#8 {main}
"} 
[2026-07-07 20:24:08] local.ERROR: Class "Hexters\CoinPayment\Providers\CoinPaymentServiceProvider" not found {"exception":"[object] (Error(code: 0): Class \"Hexters\\CoinPayment\\Providers\\CoinPaymentServiceProvider\" not found at C:/laragon/www/Jamvestingpro/vendor/laravel/framework/src/Illuminate/Foundation/ProviderRepository.php:206)
[stacktrace]
#0 C:/laragon/www/Jamvestingpro/vendor/laravel/framework/src/Illuminate/Foundation/ProviderRepository.php(142): Illuminate/Foundation/ProviderRepository->createProvider('Hexters//CoinPay...')
#1 C:/laragon/www/Jamvestingpro/vendor/laravel/framework/src/Illuminate/Foundation/ProviderRepository.php(61): Illuminate/Foundation/ProviderRepository->compileManifest(Array)
#2 C:/laragon/www/Jamvestingpro/vendor/laravel/framework/src/Illuminate/Foundation/Application.php(794): Illuminate/Foundation/ProviderRepository->load(Array)
#3 C:/laragon/www/Jamvestingpro/vendor/laravel/framework/src/Illuminate/Foundation/Bootstrap/RegisterProviders.php(17): Illuminate/Foundation/Application->registerConfiguredProviders()
#4 C:/laragon/www/Jamvestingpro/vendor/laravel/framework/src/Illuminate/Foundation/Application.php(286): Illuminate/Foundation/Bootstrap/RegisterProviders->bootstrap(Object(Illuminate/Foundation/Application))
#5 C:/laragon/www/Jamvestingpro/vendor/laravel/framework/src/Illuminate/Foundation/Console/Kernel.php(447): Illuminate/Foundation/Application->bootstrapWith(Array)
#6 C:/laragon/www/Jamvestingpro/vendor/laravel/framework/src/Illuminate/Foundation/Console/Kernel.php(199): Illuminate/Foundation/Console/Kernel->bootstrap()
#7 C:/laragon/www/Jamvestingpro/artisan(35): Illuminate/Foundation/Console/Kernel->handle(Object(Symfony/Component/Console/Input/ArgvInput), Object(Symfony/Component/Console/Output/ConsoleOutput))
#8 {main}
"} 
